# JRE version: OpenJDK Runtime Environment (7.0_55-b14) (build 1.7.0_55-b14)
# Java VM: OpenJDK 64-Bit Server VM (24.51-b03 mixed mode linux-amd64 compressed oops)
Heap
 def new generation   total 7744K, used 4209K [0x00000000cc000000, 0x00000000cc860000, 0x00000000d9e00000)
  eden space 6912K,  48% used [0x00000000cc000000, 0x00000000cc34c6a0, 0x00000000cc6c0000)
  from space 832K, 100% used [0x00000000cc6c0000, 0x00000000cc790000, 0x00000000cc790000)
  to   space 832K,   0% used [0x00000000cc790000, 0x00000000cc790000, 0x00000000cc860000)
 tenured generation   total 17280K, used 1587K [0x00000000d9e00000, 0x00000000daee0000, 0x00000000f5a00000)
   the space 17280K,   9% used [0x00000000d9e00000, 0x00000000d9f8cd48, 0x00000000d9f8ce00, 0x00000000daee0000)
 compacting perm gen  total 21248K, used 8231K [0x00000000f5a00000, 0x00000000f6ec0000, 0x0000000100000000)
   the space 21248K,  38% used [0x00000000f5a00000, 0x00000000f6209fd0, 0x00000000f620a000, 0x00000000f6ec0000)
GC Heap History (4 events):
Event: 10.984 GC heap before
{Heap before GC invocations=0 (full 0):
 def new generation   total 7744K, used 6912K [0x00000000cc000000, 0x00000000cc860000, 0x00000000d9e00000)
  eden space 6912K, 100% used [0x00000000cc000000, 0x00000000cc6c0000, 0x00000000cc6c0000)
  from space 832K,   0% used [0x00000000cc6c0000, 0x00000000cc6c0000, 0x00000000cc790000)
  to   space 832K,   0% used [0x00000000cc790000, 0x00000000cc790000, 0x00000000cc860000)
 tenured generation   total 17280K, used 0K [0x00000000d9e00000, 0x00000000daee0000, 0x00000000f5a00000)
   the space 17280K,   0% used [0x00000000d9e00000, 0x00000000d9e00000, 0x00000000d9e00200, 0x00000000daee0000)
 compacting perm gen  total 21248K, used 5495K [0x00000000f5a00000, 0x00000000f6ec0000, 0x0000000100000000)
   the space 21248K,  25% used [0x00000000f5a00000, 0x00000000f5f5df18, 0x00000000f5f5e000, 0x00000000f6ec0000)
No shared spaces configured.
Event: 10.988 GC heap after
Heap after GC invocations=1 (full 0):
 def new generation   total 7744K, used 831K [0x00000000cc000000, 0x00000000cc860000, 0x00000000d9e00000)
  eden space 6912K,   0% used [0x00000000cc000000, 0x00000000cc000000, 0x00000000cc6c0000)
  from space 832K,  99% used [0x00000000cc790000, 0x00000000cc85fff8, 0x00000000cc860000)
  to   space 832K,   0% used [0x00000000cc6c0000, 0x00000000cc6c0000, 0x00000000cc790000)
 tenured generation   total 17280K, used 629K [0x00000000d9e00000, 0x00000000daee0000, 0x00000000f5a00000)
   the space 17280K,   3% used [0x00000000d9e00000, 0x00000000d9e9d550, 0x00000000d9e9d600, 0x00000000daee0000)
 compacting perm gen  total 21248K, used 5495K [0x00000000f5a00000, 0x00000000f6ec0000, 0x0000000100000000)
   the space 21248K,  25% used [0x00000000f5a00000, 0x00000000f5f5df18, 0x00000000f5f5e000, 0x00000000f6ec0000)
No shared spaces configured.
}
Event: 11.141 GC heap before
{Heap before GC invocations=1 (full 0):
 def new generation   total 7744K, used 7743K [0x00000000cc000000, 0x00000000cc860000, 0x00000000d9e00000)
  eden space 6912K, 100% used [0x00000000cc000000, 0x00000000cc6c0000, 0x00000000cc6c0000)
  from space 832K,  99% used [0x00000000cc790000, 0x00000000cc85fff8, 0x00000000cc860000)
  to   space 832K,   0% used [0x00000000cc6c0000, 0x00000000cc6c0000, 0x00000000cc790000)
 tenured generation   total 17280K, used 629K [0x00000000d9e00000, 0x00000000daee0000, 0x00000000f5a00000)
   the space 17280K,   3% used [0x00000000d9e00000, 0x00000000d9e9d550, 0x00000000d9e9d600, 0x00000000daee0000)
 compacting perm gen  total 21248K, used 7431K [0x00000000f5a00000, 0x00000000f6ec0000, 0x0000000100000000)
   the space 21248K,  34% used [0x00000000f5a00000, 0x00000000f6141d80, 0x00000000f6141e00, 0x00000000f6ec0000)
No shared spaces configured.
Event: 11.146 GC heap after
Heap after GC invocations=2 (full 0):
 def new generation   total 7744K, used 832K [0x00000000cc000000, 0x00000000cc860000, 0x00000000d9e00000)
  eden space 6912K,   0% used [0x00000000cc000000, 0x00000000cc000000, 0x00000000cc6c0000)
  from space 832K, 100% used [0x00000000cc6c0000, 0x00000000cc790000, 0x00000000cc790000)
  to   space 832K,   0% used [0x00000000cc790000, 0x00000000cc790000, 0x00000000cc860000)
 tenured generation   total 17280K, used 1587K [0x00000000d9e00000, 0x00000000daee0000, 0x00000000f5a00000)
   the space 17280K,   9% used [0x00000000d9e00000, 0x00000000d9f8cd48, 0x00000000d9f8ce00, 0x00000000daee0000)
 compacting perm gen  total 21248K, used 7431K [0x00000000f5a00000, 0x00000000f6ec0000, 0x0000000100000000)
   the space 21248K,  34% used [0x00000000f5a00000, 0x00000000f6141d80, 0x00000000f6141e00, 0x00000000f6ec0000)
No shared spaces configured.
}

